0 info it worked if it ends with ok
1 verbose cli [ '/usr/bin/node', '/usr/bin/npm', 'install', 'aync', '--save' ]
2 info using npm@1.4.28
3 info using node@v0.10.40
4 verbose node symlink /usr/bin/node
5 warn package.json cms-api@0.0.1 No repository field.
6 verbose readDependencies using package.json deps
7 verbose cache add [ 'aync', null ]
8 verbose cache add name=undefined spec="aync" args=["aync",null]
9 verbose parsed url { protocol: null,
9 verbose parsed url   slashes: null,
9 verbose parsed url   auth: null,
9 verbose parsed url   host: null,
9 verbose parsed url   port: null,
9 verbose parsed url   hostname: null,
9 verbose parsed url   hash: null,
9 verbose parsed url   search: null,
9 verbose parsed url   query: null,
9 verbose parsed url   pathname: 'aync',
9 verbose parsed url   path: 'aync',
9 verbose parsed url   href: 'aync' }
10 silly lockFile 456e4e54-aync aync
11 verbose lock aync /home/huynhthuc/.npm/456e4e54-aync.lock
12 silly lockFile 456e4e54-aync aync
13 silly lockFile 456e4e54-aync aync
14 verbose addNamed [ 'aync', '' ]
15 verbose addNamed [ null, '*' ]
16 silly lockFile a86466c5-aync aync@
17 verbose lock aync@ /home/huynhthuc/.npm/a86466c5-aync.lock
18 silly addNameRange { name: 'aync', range: '*', hasData: false }
19 verbose request where is /aync
20 verbose request registry https://registry.npmjs.org/
21 verbose request id df8d8910a9209236
22 verbose url raw /aync
23 verbose url resolving [ 'https://registry.npmjs.org/', './aync' ]
24 verbose url resolved https://registry.npmjs.org/aync
25 verbose request where is https://registry.npmjs.org/aync
26 info trying registry request attempt 1 at 21:29:49
27 http GET https://registry.npmjs.org/aync
28 http 404 https://registry.npmjs.org/aync
29 silly registry.get cb [ 404,
29 silly registry.get   { 'content-type': 'application/json',
29 silly registry.get     'cache-control': 'max-age=0',
29 silly registry.get     'content-length': '2',
29 silly registry.get     'accept-ranges': 'bytes',
29 silly registry.get     date: 'Tue, 06 Oct 2015 14:29:51 GMT',
29 silly registry.get     via: '1.1 varnish',
29 silly registry.get     age: '0',
29 silly registry.get     connection: 'keep-alive',
29 silly registry.get     'x-served-by': 'cache-hkg6820-HKG',
29 silly registry.get     'x-cache': 'MISS',
29 silly registry.get     'x-cache-hits': '0',
29 silly registry.get     'x-timer': 'S1444141790.386731,VS0,VE837' } ]
30 silly lockFile a86466c5-aync aync@
31 silly lockFile a86466c5-aync aync@
32 error 404 Not Found
32 error 404
32 error 404 'aync' is not in the npm registry.
32 error 404 You should bug the author to publish it
32 error 404 It was specified as a dependency of 'cms-api'
32 error 404
32 error 404 Note that you can also install from a
32 error 404 tarball, folder, or http url, or git url.
33 error System Linux 3.19.0-25-generic
34 error command "/usr/bin/node" "/usr/bin/npm" "install" "aync" "--save"
35 error cwd /home/huynhthuc/cms-api
36 error node -v v0.10.40
37 error npm -v 1.4.28
38 error code E404
39 verbose exit [ 1, true ]
